#
# A fatal error has been detected by the Java Runtime Environment:
#
#  SIGSEGV (0xb) at pc=0x0000000115f2e777, pid=96078, tid=0x0000000000000e03
#
# JRE version: OpenJDK Runtime Environment (8.0_242-b08) (build 1.8.0_242-b08)
# Java VM: OpenJDK 64-Bit Server VM (25.242-b08 mixed mode bsd-amd64 compressed oops)
# Problematic frame:
# C  [libgui.dylib+0xfb777]  JNI_OnLoad+0x57
#
# Failed to write core dump. Core dumps have been disabled. To enable core dumping, try "ulimit -c unlimited" before starting Java again
#
# If you would like to submit a bug report, please visit:
#   http://bugreport.java.com/bugreport/crash.jsp
# The crash happened outside the Java Virtual Machine in native code.
# See problematic frame for where to report the bug.
#

---------------  T H R E A D  ---------------

Current thread (0x00007f86f6008800):  JavaThread "main" [_thread_in_native, id=3587, stack(0x0000700006fe0000,0x00007000070e0000)]

siginfo: si_signo: 11 (SIGSEGV), si_code: 0 (unknown), si_addr: 0x0000000000000000

Registers:
RAX=0x0000000111b09e16, RBX=0x0000000000000000, RCX=0x0000000115fa96c0, RDX=0xffffffffffffffd8
RSP=0x00007000070deca0, RBP=0x00007000070ded30, RSI=0x0000000000000000, RDI=0x000000000000000a
R8 =0x00000000000010c6, R9 =0x0000000000000004, R10=0x0000000000000005, R11=0x00007fff20589460
R12=0x00007f86f55163c0, R13=0x0000000115f2e720, R14=0x00007000070def28, R15=0x00007f86f60089e0
RIP=0x0000000115f2e777, EFLAGS=0x0000000000010287, ERR=0x0000000000000000
  TRAPNO=0x000000000000000d

Top of Stack: (sp=0x00007000070deca0)
0x00007000070deca0:   00007f86f5414cd0 0000000000000000
0x00007000070decb0:   00007f86f5416c80 000000010b10dad3
0x00007000070decc0:   0000000000000000 0000000115f2e720
0x00007000070decd0:   00007000070ded30 000000010b0f2d33
0x00007000070dece0:   00007f86f60089e0 00007000070ded00
0x00007000070decf0:   00007f86f55163c0 000000010b10dade
0x00007000070ded00:   000000010b10dad3 0000000000000000
0x00007000070ded10:   00007000070ded30 0000000115fa96c0
0x00007000070ded20:   0000000111b09e16 0000000111ff0428
0x00007000070ded30:   00007000070dee90 000000010b0f308a
0x00007000070ded40:   000000000000001d 00007000070def20
0x00007000070ded50:   00007f86f5516190 0000000111ff0428
0x00007000070ded60:   0000000000000001 0000000000000000
0x00007000070ded70:   000000076ab7fcf0 000000000000003f
0x00007000070ded80:   0000000000000000 00007000070ded88
0x00007000070ded90:   0000000113891da0 00007000070dee10
0x00007000070deda0:   000000011393d5b8 0000000000000000
0x00007000070dedb0:   0000000113891df8 0000000000000000
0x00007000070dedc0:   00007000070dee00 00007000070dee58
0x00007000070dedd0:   00007f86f6008800 00007000070def20
0x00007000070dede0:   00007000070deeb0 0000000000000000
0x00007000070dedf0:   0000000116f5c340 0000000000000001
0x00007000070dee00:   00007000070dee00 0000000113951d70
0x00007000070dee10:   00007000070dee58 0000000113957940
0x00007000070dee20:   0000000000000000 0000000113951d88
0x00007000070dee30:   0000000000000000 00007000070dee50
0x00007000070dee40:   0000000000000000 000000076ab7fd30
0x00007000070dee50:   0000000000000000 000000076ab06a08
0x00007000070dee60:   b19f80d9d21c005c 0000000113a01c30
0x00007000070dee70:   0000000000000000 0000000113a01c30
0x00007000070dee80:   00007000070def28 00007f86f6008800
0x00007000070dee90:   00007000070deef8 0000000116e68407 

Instructions: (pc=0x0000000115f2e777)
0x0000000115f2e757:   48 89 45 f0 48 8b 45 f8 48 8b 4d e8 48 89 01 48
0x0000000115f2e767:   8b 45 f0 48 89 41 08 48 8b 45 f0 bf 0a 00 00 00
0x0000000115f2e777:   ff 90 e8 01 00 00 48 8d 0d 3c af 07 00 48 89 81
0x0000000115f2e787:   b0 00 00 00 48 8b 45 f0 48 8b 40 08 48 8b 7d f8 

Register to memory mapping:

RAX=0x0000000111b09e16: checked_jni_CallNonvirtualDoubleMethod+0 in /Library/Java/JavaVirtualMachines/adoptopenjdk-8.jdk/Contents/Home/jre/lib/server/libjvm.dylib at 0x0000000111800000
RBX=0x0000000000000000 is an unknown value
RCX=0x0000000115fa96c0: refers+0 in /Users/ahamilton/Desktop/miniJVM-master/desktop/glfw_gui/java/libgui.dylib at 0x0000000115e33000
RDX=0xffffffffffffffd8 is an unknown value
RSP=0x00007000070deca0 is pointing into the stack for thread: 0x00007f86f6008800
RBP=0x00007000070ded30 is pointing into the stack for thread: 0x00007f86f6008800
RSI=0x0000000000000000 is an unknown value
RDI=0x000000000000000a is an unknown value
R8 =0x00000000000010c6 is an unknown value
R9 =0x0000000000000004 is an unknown value
R10=0x0000000000000005 is an unknown value
R11=0x00007fff20589460: _platform_memset$VARIANT$Haswell+0 in /usr/lib/system/libsystem_platform.dylib at 0x00007fff20588000
R12=0x00007f86f55163c0 is an unknown value
R13=0x0000000115f2e720: JNI_OnLoad+0 in /Users/ahamilton/Desktop/miniJVM-master/desktop/glfw_gui/java/libgui.dylib at 0x0000000115e33000
R14=0x00007000070def28 is pointing into the stack for thread: 0x00007f86f6008800
R15=0x00007f86f60089e0 is an unknown value


Stack: [0x0000700006fe0000,0x00007000070e0000],  sp=0x00007000070deca0,  free space=1019k
Native frames: (J=compiled Java code, j=interpreted, Vv=VM code, C=native code)
C  [libgui.dylib+0xfb777]  JNI_OnLoad+0x57
C  [libjava.dylib+0x208a]  Java_java_lang_ClassLoader_00024NativeLibrary_load+0xd0
j  java.lang.ClassLoader$NativeLibrary.load(Ljava/lang/String;Z)V+0
j  java.lang.ClassLoader.loadLibrary0(Ljava/lang/Class;Ljava/io/File;)Z+328
j  java.lang.ClassLoader.loadLibrary(Ljava/lang/Class;Ljava/lang/String;Z)V+312
j  java.lang.Runtime.loadLibrary0(Ljava/lang/Class;Ljava/lang/String;)V+54
j  java.lang.System.loadLibrary(Ljava/lang/String;)V+7
j  org.mini.glfw.Glfw.loadLib()V+29
j  org.mini.glfw.Glfw.<clinit>()V+0
v  ~StubRoutines::call_stub
V  [libjvm.dylib+0x2e3fa7]
V  [libjvm.dylib+0x2b7273]
V  [libjvm.dylib+0x2b8759]
V  [libjvm.dylib+0x2b89ef]
V  [libjvm.dylib+0x3205cd]
V  [libjvm.dylib+0x32b3f5]
C  [libjava.dylib+0x1abf]  Java_java_lang_Class_forName0+0x13f
j  java.lang.Class.forName0(Ljava/lang/String;ZLjava/lang/ClassLoader;Ljava/lang/Class;)Ljava/lang/Class;+0
j  java.lang.Class.forName(Ljava/lang/String;)Ljava/lang/Class;+11
j  org.mini.gui.GCallBack.getInstance()Lorg/mini/gui/GCallBack;+8
j  test.AppManagerTest.main([Ljava/lang/String;)V+0
v  ~StubRoutines::call_stub
V  [libjvm.dylib+0x2e3fa7]
V  [libjvm.dylib+0x2fed90]
V  [libjvm.dylib+0x2f776b]
C  [java+0x38c6]  JavaMain+0x9c4
C  [libsystem_pthread.dylib+0x6954]  _pthread_start+0xe0
C  [libsystem_pthread.dylib+0x24a7]  thread_start+0xf
C  0x0000000000000000

Java frames: (J=compiled Java code, j=interpreted, Vv=VM code)
j  java.lang.ClassLoader$NativeLibrary.load(Ljava/lang/String;Z)V+0
j  java.lang.ClassLoader.loadLibrary0(Ljava/lang/Class;Ljava/io/File;)Z+328
j  java.lang.ClassLoader.loadLibrary(Ljava/lang/Class;Ljava/lang/String;Z)V+312
j  java.lang.Runtime.loadLibrary0(Ljava/lang/Class;Ljava/lang/String;)V+54
j  java.lang.System.loadLibrary(Ljava/lang/String;)V+7
j  org.mini.glfw.Glfw.loadLib()V+29
j  org.mini.glfw.Glfw.<clinit>()V+0
v  ~StubRoutines::call_stub
j  java.lang.Class.forName0(Ljava/lang/String;ZLjava/lang/ClassLoader;Ljava/lang/Class;)Ljava/lang/Class;+0
j  java.lang.Class.forName(Ljava/lang/String;)Ljava/lang/Class;+11
j  org.mini.gui.GCallBack.getInstance()Lorg/mini/gui/GCallBack;+8
j  test.AppManagerTest.main([Ljava/lang/String;)V+0
v  ~StubRoutines::call_stub

---------------  P R O C E S S  ---------------

Java Threads: ( => current thread )
  0x00007f86f902a800 JavaThread "Service Thread" daemon [_thread_blocked, id=21763, stack(0x000070000841f000,0x000070000851f000)]
  0x00007f86f681b000 JavaThread "C1 CompilerThread3" daemon [_thread_blocked, id=14339, stack(0x000070000831c000,0x000070000841c000)]
  0x00007f86f6027000 JavaThread "C2 CompilerThread2" daemon [_thread_blocked, id=14851, stack(0x0000700008219000,0x0000700008319000)]
  0x00007f86f6822800 JavaThread "C2 CompilerThread1" daemon [_thread_blocked, id=15363, stack(0x0000700008116000,0x0000700008216000)]
  0x00007f86f8051000 JavaThread "C2 CompilerThread0" daemon [_thread_blocked, id=15875, stack(0x0000700008013000,0x0000700008113000)]
  0x00007f86f8050000 JavaThread "Signal Dispatcher" daemon [_thread_blocked, id=16131, stack(0x0000700007f10000,0x0000700008010000)]
  0x00007f86f8044000 JavaThread "Finalizer" daemon [_thread_blocked, id=12803, stack(0x0000700007d07000,0x0000700007e07000)]
  0x00007f86f6816800 JavaThread "Reference Handler" daemon [_thread_blocked, id=12547, stack(0x0000700007c04000,0x0000700007d04000)]
=>0x00007f86f6008800 JavaThread "main" [_thread_in_native, id=3587, stack(0x0000700006fe0000,0x00007000070e0000)]

Other Threads:
  0x00007f86f803b800 VMThread [stack: 0x0000700007b01000,0x0000700007c01000] [id=12291]
  0x00007f86f902b000 WatcherThread [stack: 0x0000700008522000,0x0000700008622000] [id=22275]

VM state:not at safepoint (normal execution)

VM Mutex/Monitor currently owned by a thread: None

heap address: 0x00000006c0000000, size: 4096 MB, Compressed Oops mode: Zero based, Oop shift amount: 3
Narrow klass base: 0x0000000000000000, Narrow klass shift: 3
Compressed class space size: 1073741824 Address: 0x00000007c0000000

Heap:
 PSYoungGen      total 76288K, used 2621K [0x000000076ab00000, 0x0000000770000000, 0x00000007c0000000)
  eden space 65536K, 4% used [0x000000076ab00000,0x000000076ad8f5e8,0x000000076eb00000)
  from space 10752K, 0% used [0x000000076f580000,0x000000076f580000,0x0000000770000000)
  to   space 10752K, 0% used [0x000000076eb00000,0x000000076eb00000,0x000000076f580000)
 ParOldGen       total 175104K, used 0K [0x00000006c0000000, 0x00000006cab00000, 0x000000076ab00000)
  object space 175104K, 0% used [0x00000006c0000000,0x00000006c0000000,0x00000006cab00000)
 Metaspace       used 2700K, capacity 4564K, committed 4864K, reserved 1056768K
  class space    used 276K, capacity 388K, committed 512K, reserved 1048576K

Card table byte_map: [0x0000000112336000,0x0000000112b37000] byte_map_base: 0x000000010ed36000

Marking Bits: (ParMarkBitMap*) 0x000000011209f5b0
 Begin Bits: [0x0000000125e50000, 0x0000000129e50000)
 End Bits:   [0x0000000129e50000, 0x000000012de50000)

Polling page: 0x000000010b12c000

CodeCache: size=245760Kb used=1098Kb max_used=1098Kb free=244661Kb
 bounds [0x0000000116e50000, 0x00000001170c0000, 0x0000000125e50000]
 total_blobs=270 nmethods=17 adapters=169
 compilation: enabled

Compilation events (10 events):
Event: 0.070 Thread 0x00007f86f681b000   13       1       java.lang.ref.Reference::get (5 bytes)
Event: 0.070 Thread 0x00007f86f681b000 nmethod 13 0x0000000116f60650 code [0x0000000116f607a0, 0x0000000116f608b0]
Event: 0.070 Thread 0x00007f86f681b000   14       3       java.lang.String::indexOf (7 bytes)
Event: 0.070 Thread 0x00007f86f681b000 nmethod 14 0x0000000116f60910 code [0x0000000116f60a80, 0x0000000116f60c88]
Event: 0.070 Thread 0x00007f86f681b000   15       1       java.lang.ThreadLocal::access$400 (5 bytes)
Event: 0.070 Thread 0x00007f86f681b000 nmethod 15 0x0000000116f60d10 code [0x0000000116f60e60, 0x0000000116f60f50]
Event: 0.073 Thread 0x00007f86f681b000   16       3       java.lang.System::getSecurityManager (4 bytes)
Event: 0.073 Thread 0x00007f86f681b000 nmethod 16 0x0000000116f621d0 code [0x0000000116f62320, 0x0000000116f62470]
Event: 0.073 Thread 0x00007f86f681b000   17       3       java.lang.String::lastIndexOf (52 bytes)
Event: 0.073 Thread 0x00007f86f681b000 nmethod 17 0x0000000116f624d0 code [0x0000000116f62660, 0x0000000116f629e8]

GC Heap History (0 events):
No events

Deoptimization events (0 events):
No events

Classes redefined (0 events):
No events

Internal exceptions (2 events):
Event: 0.026 Thread 0x00007f86f6008800 Exception <a 'java/lang/NoSuchMethodError': Method sun.misc.Unsafe.defineClass(Ljava/lang/String;[BII)Ljava/lang/Class; name or signature does not match> (0x000000076ab07cc8) thrown at [/Users/jenkins/workspace/build-scripts/jobs/jdk8u/jdk8u-mac-x64-hotsp
Event: 0.026 Thread 0x00007f86f6008800 Exception <a 'java/lang/NoSuchMethodError': Method sun.misc.Unsafe.prefetchRead(Ljava/lang/Object;J)V name or signature does not match> (0x000000076ab07fb0) thrown at [/Users/jenkins/workspace/build-scripts/jobs/jdk8u/jdk8u-mac-x64-hotspot/workspace/build

Events (10 events):
Event: 0.071 loading class org/mini/glfm/GlfmCallBack
Event: 0.071 loading class org/mini/glfm/GlfmCallBack done
Event: 0.071 loading class java/lang/UnsupportedOperationException
Event: 0.071 loading class java/lang/UnsupportedOperationException done
Event: 0.071 loading class org/mini/glfw/Glfw
Event: 0.071 loading class org/mini/glfw/Glfw done
Event: 0.072 loading class java/util/concurrent/ConcurrentHashMap$ForwardingNode
Event: 0.072 loading class java/util/concurrent/ConcurrentHashMap$ForwardingNode done
Event: 0.072 loading class java/lang/ClassLoaderHelper
Event: 0.072 loading class java/lang/ClassLoaderHelper done


Dynamic libraries:
0x00007fff35001000 	/System/Library/Frameworks/Cocoa.framework/Versions/A/Cocoa
0x00007fff223cd000 	/System/Library/Frameworks/Security.framework/Versions/A/Security
0x00007fff33224000 	/System/Library/Frameworks/ApplicationServices.framework/Versions/A/ApplicationServices
0x00007fff2a631000 	/usr/lib/libz.1.dylib
0x00007fff2a6f9000 	/usr/lib/libSystem.B.dylib
0x00007fff203de000 	/usr/lib/libobjc.A.dylib
0x00007fff21368000 	/System/Library/Frameworks/Foundation.framework/Versions/C/Foundation
0x00007fff205be000 	/System/Library/Frameworks/CoreFoundation.framework/Versions/A/CoreFoundation
0x00007fff22dfb000 	/System/Library/Frameworks/AppKit.framework/Versions/C/AppKit
0x00007fff25cb1000 	/System/Library/Frameworks/CoreData.framework/Versions/A/CoreData
0x00007fff23b43000 	/System/Library/PrivateFrameworks/UIFoundation.framework/Versions/A/UIFoundation
0x00007fff2fd06000 	/System/Library/PrivateFrameworks/RemoteViewServices.framework/Versions/A/RemoteViewServices
0x00007fff28b3e000 	/System/Library/PrivateFrameworks/XCTTargetBootstrap.framework/Versions/A/XCTTargetBootstrap
0x00007fff2b819000 	/usr/lib/libspindump.dylib
0x00007fff23d92000 	/System/Library/Frameworks/UniformTypeIdentifiers.framework/Versions/A/UniformTypeIdentifiers
0x00007fff27342000 	/usr/lib/libapp_launch_measurement.dylib
0x00007fff27345000 	/System/Library/PrivateFrameworks/CoreAutoLayout.framework/Versions/A/CoreAutoLayout
0x00007fff284a5000 	/System/Library/Frameworks/Metal.framework/Versions/A/Metal
0x00007fff2919a000 	/usr/lib/liblangid.dylib
0x00007fff28b42000 	/System/Library/PrivateFrameworks/CoreSVG.framework/Versions/A/CoreSVG
0x00007fff24dca000 	/System/Library/PrivateFrameworks/SkyLight.framework/Versions/A/SkyLight
0x00007fff2512e000 	/System/Library/Frameworks/CoreGraphics.framework/Versions/A/CoreGraphics
0x00007fff30228000 	/System/Library/Frameworks/Accelerate.framework/Versions/A/Accelerate
0x00007fff2b258000 	/System/Library/PrivateFrameworks/IconServices.framework/Versions/A/IconServices
0x00007fff28489000 	/System/Library/Frameworks/IOSurface.framework/Versions/A/IOSurface
0x00007fff26632000 	/usr/lib/libDiagnosticMessagesClient.dylib
0x00007fff28b2a000 	/System/Library/PrivateFrameworks/DFRFoundation.framework/Versions/A/DFRFoundation
0x00007fff22722000 	/usr/lib/libicucore.A.dylib
0x00007fff2cd58000 	/System/Library/Frameworks/AudioToolbox.framework/Versions/A/AudioToolbox
0x00007fff2bfea000 	/System/Library/PrivateFrameworks/DataDetectorsCore.framework/Versions/A/DataDetectorsCore
0x00007fff24d3e000 	/usr/lib/libMobileGestalt.dylib
0x00007fff2882e000 	/System/Library/Frameworks/Carbon.framework/Versions/A/Frameworks/HIToolbox.framework/Versions/A/HIToolbox
0x00007fff26d8c000 	/System/Library/Frameworks/QuartzCore.framework/Versions/A/QuartzCore
0x00007fff2fd3e000 	/System/Library/Frameworks/Carbon.framework/Versions/A/Frameworks/SpeechRecognition.framework/Versions/A/SpeechRecognition
0x00007fff270ab000 	/System/Library/PrivateFrameworks/CoreUI.framework/Versions/A/CoreUI
0x00007fff21d3c000 	/System/Library/Frameworks/CoreAudio.framework/Versions/A/CoreAudio
0x00007fff2671d000 	/System/Library/Frameworks/DiskArbitration.framework/Versions/A/DiskArbitration
0x00007fff2bbe7000 	/System/Library/PrivateFrameworks/MultitouchSupport.framework/Versions/A/MultitouchSupport
0x00007fff2bfe1000 	/System/Library/PrivateFrameworks/InternationalSupport.framework/Versions/A/InternationalSupport
0x00007fff24d3d000 	/usr/lib/libenergytrace.dylib
0x00007fff22cf2000 	/System/Library/Frameworks/IOKit.framework/Versions/A/IOKit
0x00007fff30071000 	/System/Library/Frameworks/CoreServices.framework/Versions/A/CoreServices
0x00007fff272d8000 	/System/Library/PrivateFrameworks/PerformanceAnalysis.framework/Versions/A/PerformanceAnalysis
0x00007fff6baad000 	/System/Library/Frameworks/OpenGL.framework/Versions/A/OpenGL
0x00007fff2c065000 	/System/Library/PrivateFrameworks/UserActivity.framework/Versions/A/UserActivity
0x00007fff257b8000 	/System/Library/Frameworks/ColorSync.framework/Versions/A/ColorSync
0x00007fff28da8000 	/System/Library/Frameworks/CoreImage.framework/Versions/A/CoreImage
0x00007fff21b57000 	/System/Library/Frameworks/CoreText.framework/Versions/A/CoreText
0x00007fff28b6c000 	/System/Library/Frameworks/ImageIO.framework/Versions/A/ImageIO
0x00007fff2a6ff000 	/System/Library/PrivateFrameworks/SoftLinking.framework/Versions/A/SoftLinking
0x00007fff2738d000 	/usr/lib/libxml2.2.dylib
0x00007fff204a4000 	/usr/lib/libc++.1.dylib
0x00007fff2a970000 	/usr/lib/libcompression.dylib
0x00007fff2bf13000 	/System/Library/PrivateFrameworks/TextureIO.framework/Versions/A/TextureIO
0x00007fff2af97000 	/usr/lib/libate.dylib
0x00007fff2a6f3000 	/usr/lib/system/libcache.dylib
0x00007fff2a6af000 	/usr/lib/system/libcommonCrypto.dylib
0x00007fff2a6d9000 	/usr/lib/system/libcompiler_rt.dylib
0x00007fff2a6ce000 	/usr/lib/system/libcopyfile.dylib
0x00007fff202ce000 	/usr/lib/system/libcorecrypto.dylib
0x00007fff20399000 	/usr/lib/system/libdispatch.dylib
0x00007fff2054c000 	/usr/lib/system/libdyld.dylib
0x00007fff2a6ea000 	/usr/lib/system/libkeymgr.dylib
0x00007fff2daef000 	/usr/lib/system/liblaunch.dylib
0x00007fff2a68d000 	/usr/lib/system/libmacho.dylib
0x00007fff29e85000 	/usr/lib/system/libquarantine.dylib
0x00007fff2a6e7000 	/usr/lib/system/libremovefile.dylib
0x00007fff24d9b000 	/usr/lib/system/libsystem_asl.dylib
0x00007fff2027e000 	/usr/lib/system/libsystem_blocks.dylib
0x00007fff2041b000 	/usr/lib/system/libsystem_c.dylib
0x00007fff2a6e1000 	/usr/lib/system/libsystem_collections.dylib
0x00007fff2918b000 	/usr/lib/system/libsystem_configuration.dylib
0x00007fff28478000 	/usr/lib/system/libsystem_containermanager.dylib
0x00007fff2a430000 	/usr/lib/system/libsystem_coreservices.dylib
0x00007fff22982000 	/usr/lib/system/libsystem_darwin.dylib
0x00007fff2a6eb000 	/usr/lib/system/libsystem_dnssd.dylib
0x00007fff20418000 	/usr/lib/system/libsystem_featureflags.dylib
0x00007fff20592000 	/usr/lib/system/libsystem_info.dylib
0x00007fff2a644000 	/usr/lib/system/libsystem_m.dylib
0x00007fff2036c000 	/usr/lib/system/libsystem_malloc.dylib
0x00007fff24d2e000 	/usr/lib/system/libsystem_networkextension.dylib
0x00007fff22da1000 	/usr/lib/system/libsystem_notify.dylib
0x00007fff2ff73000 	/usr/lib/system/libsystem_product_info_filter.dylib
0x00007fff2918f000 	/usr/lib/system/libsystem_sandbox.dylib
0x00007fff2a6e4000 	/usr/lib/system/libsystem_secinit.dylib
0x00007fff20510000 	/usr/lib/system/libsystem_kernel.dylib
0x00007fff20588000 	/usr/lib/system/libsystem_platform.dylib
0x00007fff20540000 	/usr/lib/system/libsystem_pthread.dylib
0x00007fff26475000 	/usr/lib/system/libsystem_symptoms.dylib
0x00007fff202b6000 	/usr/lib/system/libsystem_trace.dylib
0x00007fff2a6bb000 	/usr/lib/system/libunwind.dylib
0x00007fff20280000 	/usr/lib/system/libxpc.dylib
0x00007fff204fa000 	/usr/lib/libc++abi.dylib
0x00007fff2a6c6000 	/usr/lib/liboah.dylib
0x00007fff2ad7d000 	/usr/lib/liblzma.5.dylib
0x00007fff2107c000 	/System/Library/Frameworks/SystemConfiguration.framework/Versions/A/SystemConfiguration
0x00007fff2a6fb000 	/usr/lib/libfakelink.dylib
0x00007fff2488f000 	/System/Library/Frameworks/CFNetwork.framework/Versions/A/CFNetwork
0x00007fff2a83b000 	/usr/lib/libarchive.2.dylib
0x00007fff210fa000 	/usr/lib/libCRFSuite.dylib
0x00007fff29eac000 	/usr/lib/libbsm.0.dylib
0x00007fff2420f000 	/usr/lib/libnetwork.dylib
0x00007fff2a700000 	/usr/lib/libpcap.A.dylib
0x00007fff2646e000 	/usr/lib/libdns_services.dylib
0x00007fff2ad96000 	/usr/lib/libcoretls_cfhelpers.dylib
0x00007fff2a93a000 	/usr/lib/libapple_nghttp2.dylib
0x00007fff2a693000 	/usr/lib/system/libkxld.dylib
0x00007fff260e7000 	/usr/lib/libsqlite3.dylib
0x00007fff2a413000 	/System/Library/PrivateFrameworks/AppleFSCompression.framework/Versions/A/AppleFSCompression
0x00007fff29e94000 	/usr/lib/libcoretls.dylib
0x00007fff2a96b000 	/usr/lib/libpam.2.dylib
0x00007fff2ae93000 	/usr/lib/libxar.1.dylib
0x00007fff29196000 	/System/Library/PrivateFrameworks/AppleSystemInfo.framework/Versions/A/AppleSystemInfo
0x00007fff29ad6000 	/System/Library/PrivateFrameworks/IOMobileFramebuffer.framework/Versions/A/IOMobileFramebuffer
0x00007fff2a423000 	/usr/lib/libbz2.1.0.dylib
0x00007fff2a738000 	/usr/lib/libiconv.2.dylib
0x00007fff2a68c000 	/usr/lib/libcharset.1.dylib
0x00007fff27314000 	/System/Library/Frameworks/CoreServices.framework/Versions/A/Frameworks/FSEvents.framework/Versions/A/FSEvents
0x00007fff2298c000 	/System/Library/Frameworks/CoreServices.framework/Versions/A/Frameworks/CarbonCore.framework/Versions/A/CarbonCore
0x00007fff26682000 	/System/Library/Frameworks/CoreServices.framework/Versions/A/Frameworks/Metadata.framework/Versions/A/Metadata
0x00007fff2a435000 	/System/Library/Frameworks/CoreServices.framework/Versions/A/Frameworks/OSServices.framework/Versions/A/OSServices
0x00007fff2a8ad000 	/System/Library/Frameworks/CoreServices.framework/Versions/A/Frameworks/SearchKit.framework/Versions/A/SearchKit
0x00007fff263f9000 	/System/Library/Frameworks/CoreServices.framework/Versions/A/Frameworks/AE.framework/Versions/A/AE
0x00007fff20a5c000 	/System/Library/Frameworks/CoreServices.framework/Versions/A/Frameworks/LaunchServices.framework/Versions/A/LaunchServices
0x00007fff2ad2d000 	/System/Library/Frameworks/CoreServices.framework/Versions/A/Frameworks/DictionaryServices.framework/Versions/A/DictionaryServices
0x00007fff2731d000 	/System/Library/Frameworks/CoreServices.framework/Versions/A/Frameworks/SharedFileList.framework/Versions/A/SharedFileList
0x00007fff29e88000 	/usr/lib/libCheckFix.dylib
0x00007fff24db2000 	/System/Library/PrivateFrameworks/TCC.framework/Versions/A/TCC
0x00007fff2919c000 	/System/Library/PrivateFrameworks/CoreNLP.framework/Versions/A/CoreNLP
0x00007fff26635000 	/System/Library/PrivateFrameworks/MetadataUtilities.framework/Versions/A/MetadataUtilities
0x00007fff2112f000 	/usr/lib/libmecabra.dylib
0x00007fff2a192000 	/System/Library/Frameworks/MLCompute.framework/Versions/A/MLCompute
0x00007fff29ebd000 	/usr/lib/libmecab.dylib
0x00007fff29f07000 	/usr/lib/libgermantok.dylib
0x00007fff2a915000 	/usr/lib/libThaiTokenizer.dylib
0x00007fff2aece000 	/usr/lib/libChineseTokenizer.dylib
0x00007fff2a969000 	/System/Library/Frameworks/MetalPerformanceShaders.framework/Versions/A/MetalPerformanceShaders
0x00007fff26724000 	/System/Library/Frameworks/Accelerate.framework/Versions/A/Frameworks/vImage.framework/Versions/A/vImage
0x00007fff3004b000 	/System/Library/Frameworks/Accelerate.framework/Versions/A/Frameworks/vecLib.framework/Versions/A/vecLib
0x00007fff2aed9000 	/System/Library/Frameworks/Accelerate.framework/Versions/A/Frameworks/vecLib.framework/Versions/A/libvMisc.dylib
0x00007fff298f1000 	/System/Library/Frameworks/Accelerate.framework/Versions/A/Frameworks/vecLib.framework/Versions/A/libvDSP.dylib
0x00007fff20d63000 	/System/Library/Frameworks/Accelerate.framework/Versions/A/Frameworks/vecLib.framework/Versions/A/libBLAS.dylib
0x00007fff2a98f000 	/System/Library/Frameworks/Accelerate.framework/Versions/A/Frameworks/vecLib.framework/Versions/A/libLAPACK.dylib
0x00007fff29f0d000 	/System/Library/Frameworks/Accelerate.framework/Versions/A/Frameworks/vecLib.framework/Versions/A/libLinearAlgebra.dylib
0x00007fff2a952000 	/System/Library/Frameworks/Accelerate.framework/Versions/A/Frameworks/vecLib.framework/Versions/A/libSparseBLAS.dylib
0x00007fff2a989000 	/System/Library/Frameworks/Accelerate.framework/Versions/A/Frameworks/vecLib.framework/Versions/A/libQuadrature.dylib
0x00007fff29248000 	/System/Library/Frameworks/Accelerate.framework/Versions/A/Frameworks/vecLib.framework/Versions/A/libBNNS.dylib
0x00007fff2100d000 	/System/Library/Frameworks/Accelerate.framework/Versions/A/Frameworks/vecLib.framework/Versions/A/libSparse.dylib
0x00007fff29124000 	/System/Library/Frameworks/MetalPerformanceShaders.framework/Versions/A/Frameworks/MPSCore.framework/Versions/A/MPSCore
0x00007fff2a382000 	/System/Library/Frameworks/MetalPerformanceShaders.framework/Versions/A/Frameworks/MPSImage.framework/Versions/A/MPSImage
0x00007fff29f23000 	/System/Library/Frameworks/MetalPerformanceShaders.framework/Versions/A/Frameworks/MPSNeuralNetwork.framework/Versions/A/MPSNeuralNetwork
0x00007fff2a2f4000 	/System/Library/Frameworks/MetalPerformanceShaders.framework/Versions/A/Frameworks/MPSMatrix.framework/Versions/A/MPSMatrix
0x00007fff2a142000 	/System/Library/Frameworks/MetalPerformanceShaders.framework/Versions/A/Frameworks/MPSRayIntersector.framework/Versions/A/MPSRayIntersector
0x00007fff2a32b000 	/System/Library/Frameworks/MetalPerformanceShaders.framework/Versions/A/Frameworks/MPSNDArray.framework/Versions/A/MPSNDArray
0x00007fff20c8f000 	/System/Library/PrivateFrameworks/MetalTools.framework/Versions/A/MetalTools
0x00007fff29194000 	/System/Library/PrivateFrameworks/AggregateDictionary.framework/Versions/A/AggregateDictionary
0x00007fff26602000 	/System/Library/PrivateFrameworks/CoreAnalytics.framework/Versions/A/CoreAnalytics
0x00007fff2a917000 	/System/Library/PrivateFrameworks/AppleSauce.framework/Versions/A/AppleSauce
0x00007fff2849b000 	/System/Library/PrivateFrameworks/IOAccelerator.framework/Versions/A/IOAccelerator
0x00007fff6baa1000 	/System/Library/Frameworks/OpenGL.framework/Versions/A/Libraries/libCoreFSCache.dylib
0x00007fff216c6000 	/System/Library/PrivateFrameworks/LanguageModeling.framework/Versions/A/LanguageModeling
0x00007fff29ac4000 	/System/Library/PrivateFrameworks/CoreEmoji.framework/Versions/A/CoreEmoji
0x00007fff29241000 	/System/Library/PrivateFrameworks/LinguisticData.framework/Versions/A/LinguisticData
0x00007fff20fc0000 	/System/Library/PrivateFrameworks/Lexicon.framework/Versions/A/Lexicon
0x00007fff2a829000 	/usr/lib/libcmph.dylib
0x00007fff272f4000 	/System/Library/Frameworks/OpenDirectory.framework/Versions/A/Frameworks/CFOpenDirectory.framework/Versions/A/CFOpenDirectory
0x00007fff272e4000 	/System/Library/Frameworks/OpenDirectory.framework/Versions/A/OpenDirectory
0x00007fff2ad98000 	/System/Library/PrivateFrameworks/APFS.framework/Versions/A/APFS
0x00007fff29dea000 	/System/Library/Frameworks/SecurityFoundation.framework/Versions/A/SecurityFoundation
0x00007fff2aea1000 	/usr/lib/libutil.dylib
0x00007fff22cb7000 	/System/Library/PrivateFrameworks/CoreServicesStore.framework/Versions/A/CoreServicesStore
0x00007fff29e80000 	/System/Library/Frameworks/ServiceManagement.framework/Versions/A/ServiceManagement
0x00007fff2aea5000 	/usr/lib/libxslt.1.dylib
0x00007fff29e76000 	/System/Library/PrivateFrameworks/BackgroundTaskManagement.framework/Versions/A/BackgroundTaskManagement
0x00007fff2be5d000 	/System/Library/Frameworks/ImageIO.framework/Versions/A/Resources/libRadiance.dylib
0x00007fff2be67000 	/System/Library/Frameworks/ImageIO.framework/Versions/A/Resources/libJPEG.dylib
0x00007fff2bdb1000 	/System/Library/Frameworks/ImageIO.framework/Versions/A/Resources/libPng.dylib
0x00007fff2bdd8000 	/System/Library/Frameworks/ImageIO.framework/Versions/A/Resources/libTIFF.dylib
0x00007fff2bebc000 	/System/Library/Frameworks/ImageIO.framework/Versions/A/Resources/libGIF.dylib
0x00007fff2bb03000 	/System/Library/Frameworks/ImageIO.framework/Versions/A/Resources/libJP2.dylib
0x00007fff2b220000 	/usr/lib/libexpat.1.dylib
0x00007fff2bab9000 	/System/Library/PrivateFrameworks/AppleJPEG.framework/Versions/A/AppleJPEG
0x00007fff286d1000 	/System/Library/PrivateFrameworks/FontServices.framework/libFontParser.dylib
0x00007fff263b0000 	/System/Library/PrivateFrameworks/RunningBoardServices.framework/Versions/A/RunningBoardServices
0x00007fff2bbe3000 	/System/Library/PrivateFrameworks/WatchdogClient.framework/Versions/A/WatchdogClient
0x00007fff217af000 	/System/Library/Frameworks/CoreDisplay.framework/Versions/A/CoreDisplay
0x00007fff285e6000 	/System/Library/Frameworks/CoreMedia.framework/Versions/A/CoreMedia
0x00007fff27470000 	/System/Library/Frameworks/CoreVideo.framework/Versions/A/CoreVideo
0x00007fff2bc1e000 	/System/Library/Frameworks/VideoToolbox.framework/Versions/A/VideoToolbox
0x00007fff26330000 	/System/Library/PrivateFrameworks/BaseBoard.framework/Versions/A/BaseBoard
0x00007fff2b363000 	/System/Library/PrivateFrameworks/PersistentConnection.framework/Versions/A/PersistentConnection
0x00007fff260d1000 	/System/Library/PrivateFrameworks/ProtocolBuffer.framework/Versions/A/ProtocolBuffer
0x00007fff26318000 	/System/Library/PrivateFrameworks/CommonUtilities.framework/Versions/A/CommonUtilities
0x00007fff2ba7c000 	/System/Library/PrivateFrameworks/Bom.framework/Versions/A/Bom
0x00007fff2be55000 	/System/Library/PrivateFrameworks/GPUWrangler.framework/Versions/A/GPUWrangler
0x00007fff2be38000 	/System/Library/PrivateFrameworks/IOPresentment.framework/Versions/A/IOPresentment
0x00007fff2be61000 	/System/Library/PrivateFrameworks/DSExternalDisplay.framework/Versions/A/DSExternalDisplay
0x00007fff2bec1000 	/System/Library/PrivateFrameworks/CMCaptureCore.framework/Versions/A/CMCaptureCore
0x00007fff2b7ff000 	/System/Library/PrivateFrameworks/AppServerSupport.framework/Versions/A/AppServerSupport
0x00007fff2d892000 	/System/Library/PrivateFrameworks/perfdata.framework/Versions/A/perfdata
0x00007fff29dd9000 	/System/Library/PrivateFrameworks/AssertionServices.framework/Versions/A/AssertionServices
0x00007fff218e6000 	/System/Library/PrivateFrameworks/AudioToolboxCore.framework/Versions/A/AudioToolboxCore
0x00007fff285c9000 	/System/Library/PrivateFrameworks/caulk.framework/Versions/A/caulk
0x00007fff3cc87000 	/System/Library/PrivateFrameworks/SystemPolicy.framework/Versions/A/SystemPolicy
0x00007fff2b02f000 	/usr/lib/libIOReport.dylib
0x00007fff2d0ce000 	/usr/lib/libSMC.dylib
0x00007fff2bd7d000 	/usr/lib/libAudioToolboxUtility.dylib
0x00007fff3d5e2000 	/usr/lib/libmis.dylib
0x00007fff6bafd000 	/System/Library/Frameworks/OpenGL.framework/Versions/A/Libraries/libGLU.dylib
0x00007fff6bac0000 	/System/Library/Frameworks/OpenGL.framework/Versions/A/Libraries/libGFXShared.dylib
0x00007fff6bcce000 	/System/Library/Frameworks/OpenGL.framework/Versions/A/Libraries/libGL.dylib
0x00007fff6bac9000 	/System/Library/Frameworks/OpenGL.framework/Versions/A/Libraries/libGLImage.dylib
0x00007fff6babd000 	/System/Library/Frameworks/OpenGL.framework/Versions/A/Libraries/libCVMSPluginSupport.dylib
0x00007fff6baa8000 	/System/Library/Frameworks/OpenGL.framework/Versions/A/Libraries/libCoreVMClient.dylib
0x00007fff6d118000 	/System/Library/Frameworks/OpenCL.framework/Versions/A/OpenCL
0x00007fff2b38c000 	/System/Library/PrivateFrameworks/GraphVisualizer.framework/Versions/A/GraphVisualizer
0x00007fff2b39b000 	/System/Library/PrivateFrameworks/FaceCore.framework/Versions/A/FaceCore
0x00007fff2b7b7000 	/System/Library/PrivateFrameworks/OTSVG.framework/Versions/A/OTSVG
0x00007fff27069000 	/System/Library/Frameworks/ApplicationServices.framework/Versions/A/Frameworks/ATS.framework/Versions/A/Resources/libFontRegistry.dylib
0x00007fff2b806000 	/System/Library/PrivateFrameworks/FontServices.framework/libhvf.dylib
0x00007fff2b1cc000 	/System/Library/PrivateFrameworks/AppleVA.framework/Versions/A/AppleVA
0x00007fff2cf16000 	/System/Library/Frameworks/ApplicationServices.framework/Versions/A/Frameworks/ATS.framework/Versions/A/ATS
0x00007fff2d229000 	/System/Library/Frameworks/ApplicationServices.framework/Versions/A/Frameworks/ColorSyncLegacy.framework/Versions/A/ColorSyncLegacy
0x00007fff258af000 	/System/Library/Frameworks/ApplicationServices.framework/Versions/A/Frameworks/HIServices.framework/Versions/A/HIServices
0x00007fff2d20e000 	/System/Library/Frameworks/ApplicationServices.framework/Versions/A/Frameworks/LangAnalysis.framework/Versions/A/LangAnalysis
0x00007fff2becb000 	/System/Library/Frameworks/ApplicationServices.framework/Versions/A/Frameworks/PrintCore.framework/Versions/A/PrintCore
0x00007fff2d231000 	/System/Library/Frameworks/ApplicationServices.framework/Versions/A/Frameworks/QD.framework/Versions/A/QD
0x00007fff2cf06000 	/System/Library/Frameworks/ApplicationServices.framework/Versions/A/Frameworks/SpeechSynthesis.framework/Versions/A/SpeechSynthesis
0x00007fff2be8c000 	/System/Library/Frameworks/ApplicationServices.framework/Versions/A/Frameworks/ATSUI.framework/Versions/A/ATSUI
0x00007fff2d1ae000 	/usr/lib/libcups.2.dylib
0x00007fff2d21e000 	/System/Library/PrivateFrameworks/NetAuth.framework/Versions/A/NetAuth
0x00007fff2d8ad000 	/System/Library/Frameworks/Kerberos.framework/Versions/A/Kerberos
0x00007fff2d8bd000 	/System/Library/Frameworks/GSS.framework/Versions/A/GSS
0x00007fff2cf83000 	/usr/lib/libresolv.9.dylib
0x00007fff2b81c000 	/System/Library/PrivateFrameworks/Heimdal.framework/Versions/A/Heimdal
0x00007fff33539000 	/System/Library/Frameworks/Kerberos.framework/Versions/A/Libraries/libHeimdalProxy.dylib
0x00007fff2647d000 	/System/Library/Frameworks/Network.framework/Versions/A/Network
0x00007fff2b239000 	/usr/lib/libheimdal-asn1.dylib
0x00007fff2d90e000 	/System/Library/PrivateFrameworks/CommonAuth.framework/Versions/A/CommonAuth
0x00007fff274be000 	/System/Library/PrivateFrameworks/login.framework/Versions/A/Frameworks/loginsupport.framework/Versions/A/loginsupport
0x00007fff2ce8d000 	/System/Library/PrivateFrameworks/AudioSession.framework/Versions/A/AudioSession
0x00007fff2cef3000 	/usr/lib/libAudioStatistics.dylib
0x00007fff2b2c5000 	/System/Library/PrivateFrameworks/MediaExperience.framework/Versions/A/MediaExperience
0x00007fff2cd26000 	/System/Library/PrivateFrameworks/AudioSession.framework/libSessionUtility.dylib
0x00007fff2d89e000 	/usr/lib/libperfcheck.dylib
0x00007fff2d23d000 	/System/Library/PrivateFrameworks/AudioResourceArbitration.framework/Versions/A/AudioResourceArbitration
0x00007fff2b243000 	/System/Library/PrivateFrameworks/IconFoundation.framework/Versions/A/IconFoundation
0x00007fff2fd2e000 	/System/Library/PrivateFrameworks/SpeechRecognitionCore.framework/Versions/A/SpeechRecognitionCore
0x0000000111800000 	/Library/Java/JavaVirtualMachines/adoptopenjdk-8.jdk/Contents/Home/jre/lib/server/libjvm.dylib
0x00007fff77fdc000 	/usr/lib/libstdc++.6.dylib
0x000000010b0e0000 	/Library/Java/JavaVirtualMachines/adoptopenjdk-8.jdk/Contents/Home/jre/lib/libverify.dylib
0x000000010b0f1000 	/Library/Java/JavaVirtualMachines/adoptopenjdk-8.jdk/Contents/Home/jre/lib/libjava.dylib
0x000000010b176000 	/Library/Java/JavaVirtualMachines/adoptopenjdk-8.jdk/Contents/Home/jre/lib/libzip.dylib
0x000000010b781000 	/Library/Java/JavaVirtualMachines/adoptopenjdk-8.jdk/Contents/Home/jre/lib/libnio.dylib
0x000000010b795000 	/Library/Java/JavaVirtualMachines/adoptopenjdk-8.jdk/Contents/Home/jre/lib/libnet.dylib
0x0000000115e33000 	/Users/ahamilton/Desktop/miniJVM-master/desktop/glfw_gui/java/libgui.dylib

VM Arguments:
jvm_args: -Dfile.encoding=UTF-8 
java_command: test.AppManagerTest
java_class_path (initial): /Users/ahamilton/Desktop/miniJVM-master/desktop/glfw_gui/java/target/classes:/Users/ahamilton/Desktop/miniJVM-master/binary/lib/minijvm_rt.jar
Launcher Type: SUN_STANDARD

Environment Variables:
PATH=/usr/bin:/bin:/usr/sbin:/sbin
SHELL=/bin/bash

Signal Handlers:
SIGSEGV: [libjvm.dylib+0x588183], sa_mask[0]=11111111011111110111111111111111, sa_flags=SA_ONSTACK|SA_RESTART|SA_SIGINFO
SIGBUS: [libjvm.dylib+0x588183], sa_mask[0]=11111111011111110111111111111111, sa_flags=SA_RESTART|SA_SIGINFO
SIGFPE: [libjvm.dylib+0x46288c], sa_mask[0]=11111111011111110111111111111111, sa_flags=SA_RESTART|SA_SIGINFO
SIGPIPE: [libjvm.dylib+0x46288c], sa_mask[0]=11111111011111110111111111111111, sa_flags=SA_RESTART|SA_SIGINFO
SIGXFSZ: [libjvm.dylib+0x46288c], sa_mask[0]=11111111011111110111111111111111, sa_flags=SA_RESTART|SA_SIGINFO
SIGILL: [libjvm.dylib+0x46288c], sa_mask[0]=11111111011111110111111111111111, sa_flags=SA_RESTART|SA_SIGINFO
SIGUSR1: SIG_DFL, sa_mask[0]=00000000000000000000000000000000, sa_flags=none
SIGUSR2: [libjvm.dylib+0x4623aa], sa_mask[0]=00100000000000000000000000000000, sa_flags=SA_RESTART|SA_SIGINFO
SIGHUP: [libjvm.dylib+0x460935], sa_mask[0]=11111111011111110111111111111111, sa_flags=SA_RESTART|SA_SIGINFO
SIGINT: [libjvm.dylib+0x460935], sa_mask[0]=11111111011111110111111111111111, sa_flags=SA_RESTART|SA_SIGINFO
SIGTERM: [libjvm.dylib+0x460935], sa_mask[0]=11111111011111110111111111111111, sa_flags=SA_RESTART|SA_SIGINFO
SIGQUIT: [libjvm.dylib+0x460935], sa_mask[0]=11111111011111110111111111111111, sa_flags=SA_RESTART|SA_SIGINFO


---------------  S Y S T E M  ---------------

OS:Bsduname:Darwin 20.4.0 Darwin Kernel Version 20.4.0: Thu Apr 22 21:46:47 PDT 2021; root:xnu-7195.101.2~1/RELEASE_X86_64 x86_64
rlimit: STACK 8192k, CORE 0k, NPROC 2784, NOFILE 10240, AS infinity
load average:4.23 3.13 2.96

CPU:total 12 (initial active 12) (6 cores per cpu, 2 threads per core) family 6 model 158 stepping 10, cmov, cx8, fxsr, mmx, sse, sse2, sse3, ssse3, sse4.1, sse4.2, popcnt, avx, avx2, aes, clmul, erms, rtm, 3dnowpref, lzcnt, ht, tsc, tscinvbit, bmi1, bmi2, adx

Memory: 4k page, physical 16777216k(132888k free)

/proc/meminfo:


vm_info: OpenJDK 64-Bit Server VM (25.242-b08) for bsd-amd64 JRE (1.8.0_242-b08), built on Jan 19 2020 06:43:11 by "jenkins" with gcc 4.2.1 (Based on Apple Inc. build 5658) (LLVM build 2336.11.00)

time: Sat Jul  3 15:49:08 2021
timezone: EDT
elapsed time: 0 seconds (0d 0h 0m 0s)

